Determining if the pthread_create exist failed with the following output:
Change Dir: /home/ajackow/catkin_ws/build/CMakeFiles/CMakeTmp

Run Build Command:/usr/bin/make "cmTryCompileExec3780190981/fast"
/usr/bin/make -f CMakeFiles/cmTryCompileExec3780190981.dir/build.make CMakeFiles/cmTryCompileExec3780190981.dir/build
make[1]: Entering directory `/home/ajackow/catkin_ws/build/CMakeFiles/CMakeTmp'
/usr/bin/cmake -E cmake_progress_report /home/ajackow/catkin_ws/build/CMakeFiles/CMakeTmp/CMakeFiles 1
Building C object CMakeFiles/cmTryCompileExec3780190981.dir/CheckSymbolExists.c.o
/usr/bin/cc    -o CMakeFiles/cmTryCompileExec3780190981.dir/CheckSymbolExists.c.o   -c /home/ajackow/catkin_ws/build/CMakeFiles/CMakeTmp/CheckSymbolExists.c
Linking C executable cmTryCompileExec3780190981
/usr/bin/cmake -E cmake_link_script CMakeFiles/cmTryCompileExec3780190981.dir/link.txt --verbose=1
/usr/bin/cc       CMakeFiles/cmTryCompileExec3780190981.dir/CheckSymbolExists.c.o  -o cmTryCompileExec3780190981 -rdynamic 
CMakeFiles/cmTryCompileExec3780190981.dir/CheckSymbolExists.c.o: In function `main':
CheckSymbolExists.c:(.text+0x16): undefined reference to `pthread_create'
collect2: error: ld returned 1 exit status
make[1]: *** [cmTryCompileExec3780190981] Error 1
make[1]: Leaving directory `/home/ajackow/catkin_ws/build/CMakeFiles/CMakeTmp'
make: *** [cmTryCompileExec3780190981/fast] Error 2

File /home/ajackow/catkin_ws/build/CMakeFiles/CMakeTmp/CheckSymbolExists.c:
/* */
#include <pthread.h>

int main(int argc, char** argv)
{
  (void)argv;
#ifndef pthread_create
  return ((int*)(&pthread_create))[argc];
#else
  (void)argc;
  return 0;
#endif
}

Determining if the function pthread_create exists in the pthreads failed with the following output:
Change Dir: /home/ajackow/catkin_ws/build/CMakeFiles/CMakeTmp

Run Build Command:/usr/bin/make "cmTryCompileExec2544927563/fast"
/usr/bin/make -f CMakeFiles/cmTryCompileExec2544927563.dir/build.make CMakeFiles/cmTryCompileExec2544927563.dir/build
make[1]: Entering directory `/home/ajackow/catkin_ws/build/CMakeFiles/CMakeTmp'
/usr/bin/cmake -E cmake_progress_report /home/ajackow/catkin_ws/build/CMakeFiles/CMakeTmp/CMakeFiles 1
Building C object CMakeFiles/cmTryCompileExec2544927563.dir/CheckFunctionExists.c.o
/usr/bin/cc   -DCHECK_FUNCTION_EXISTS=pthread_create   -o CMakeFiles/cmTryCompileExec2544927563.dir/CheckFunctionExists.c.o   -c /usr/share/cmake-2.8/Modules/CheckFunctionExists.c
Linking C executable cmTryCompileExec2544927563
/usr/bin/cmake -E cmake_link_script CMakeFiles/cmTryCompileExec2544927563.dir/link.txt --verbose=1
/usr/bin/cc   -DCHECK_FUNCTION_EXISTS=pthread_create    CMakeFiles/cmTryCompileExec2544927563.dir/CheckFunctionExists.c.o  -o cmTryCompileExec2544927563 -rdynamic -lpthreads 
/usr/bin/ld: cannot find -lpthreads
collect2: error: ld returned 1 exit status
make[1]: *** [cmTryCompileExec2544927563] Error 1
make[1]: Leaving directory `/home/ajackow/catkin_ws/build/CMakeFiles/CMakeTmp'
make: *** [cmTryCompileExec2544927563/fast] Error 2


